{"C:\\Users\\naled\\OneDrive\\Desktop\\Constitutional-Access\\admin_backend\\models\\Metadata.js": {"path":"C:\\Users\\naled\\OneDrive\\Desktop\\Constitutional-Access\\admin_backend\\models\\Metadata.js","statementMap":{"0":{"start":{"line":1,"column":17},"end":{"line":1,"column":36}},"1":{"start":{"line":3,"column":23},"end":{"line":11,"column":2}},"2":{"start":{"line":13,"column":0},"end":{"line":13,"column":60}}},"fnMap":{},"branchMap":{},"s":{"0":1,"1":1,"2":1},"f":{},"b":{},"_coverageSchema":"1a1c01bbd47fc00a2c39e90264f33305004495a9","hash":"1811fe21867a8d08b57f1a7d549f33d983143cb6"}
,"C:\\Users\\naled\\OneDrive\\Desktop\\Constitutional-Access\\admin_backend\\routes\\search.js": {"path":"C:\\Users\\naled\\OneDrive\\Desktop\\Constitutional-Access\\admin_backend\\routes\\search.js","statementMap":{"0":{"start":{"line":1,"column":16},"end":{"line":1,"column":34}},"1":{"start":{"line":2,"column":15},"end":{"line":2,"column":31}},"2":{"start":{"line":3,"column":17},"end":{"line":3,"column":46}},"3":{"start":{"line":5,"column":15},"end":{"line":5,"column":45}},"4":{"start":{"line":5,"column":22},"end":{"line":5,"column":45}},"5":{"start":{"line":7,"column":0},"end":{"line":66,"column":3}},"6":{"start":{"line":8,"column":2},"end":{"line":65,"column":3}},"7":{"start":{"line":9,"column":28},"end":{"line":9,"column":37}},"8":{"start":{"line":10,"column":18},"end":{"line":10,"column":20}},"9":{"start":{"line":13,"column":4},"end":{"line":20,"column":5}},"10":{"start":{"line":14,"column":26},"end":{"line":14,"column":54}},"11":{"start":{"line":15,"column":6},"end":{"line":19,"column":8}},"12":{"start":{"line":23,"column":4},"end":{"line":25,"column":5}},"13":{"start":{"line":24,"column":6},"end":{"line":24,"column":32}},"14":{"start":{"line":27,"column":4},"end":{"line":27,"column":43}},"15":{"start":{"line":29,"column":20},"end":{"line":29,"column":81}},"16":{"start":{"line":31,"column":29},"end":{"line":57,"column":36}},"17":{"start":{"line":32,"column":22},"end":{"line":32,"column":33}},"18":{"start":{"line":35,"column":6},"end":{"line":43,"column":7}},"19":{"start":{"line":41,"column":8},"end":{"line":41,"column":49}},"20":{"start":{"line":42,"column":8},"end":{"line":42,"column":20}},"21":{"start":{"line":45,"column":6},"end":{"line":45,"column":45}},"22":{"start":{"line":46,"column":26},"end":{"line":46,"column":41}},"23":{"start":{"line":48,"column":6},"end":{"line":56,"column":8}},"24":{"start":{"line":57,"column":22},"end":{"line":57,"column":35}},"25":{"start":{"line":59,"column":4},"end":{"line":59,"column":95}},"26":{"start":{"line":59,"column":83},"end":{"line":59,"column":92}},"27":{"start":{"line":60,"column":4},"end":{"line":60,"column":31}},"28":{"start":{"line":63,"column":4},"end":{"line":63,"column":40}},"29":{"start":{"line":64,"column":4},"end":{"line":64,"column":61}},"30":{"start":{"line":68,"column":0},"end":{"line":82,"column":3}},"31":{"start":{"line":69,"column":2},"end":{"line":81,"column":3}},"32":{"start":{"line":70,"column":21},"end":{"line":70,"column":30}},"33":{"start":{"line":71,"column":4},"end":{"line":71,"column":65}},"34":{"start":{"line":71,"column":15},"end":{"line":71,"column":65}},"35":{"start":{"line":73,"column":21},"end":{"line":73,"column":45}},"36":{"start":{"line":74,"column":4},"end":{"line":74,"column":47}},"37":{"start":{"line":76,"column":20},"end":{"line":76,"column":121}},"38":{"start":{"line":77,"column":4},"end":{"line":77,"column":33}},"39":{"start":{"line":79,"column":4},"end":{"line":79,"column":59}},"40":{"start":{"line":80,"column":4},"end":{"line":80,"column":56}},"41":{"start":{"line":84,"column":0},"end":{"line":84,"column":24}}},"fnMap":{"0":{"name":"(anonymous_0)","decl":{"start":{"line":5,"column":15},"end":{"line":5,"column":16}},"loc":{"start":{"line":5,"column":22},"end":{"line":5,"column":45}},"line":5},"1":{"name":"(anonymous_1)","decl":{"start":{"line":7,"column":16},"end":{"line":7,"column":17}},"loc":{"start":{"line":7,"column":36},"end":{"line":66,"column":1}},"line":7},"2":{"name":"(anonymous_2)","decl":{"start":{"line":31,"column":41},"end":{"line":31,"column":42}},"loc":{"start":{"line":31,"column":48},"end":{"line":57,"column":5}},"line":31},"3":{"name":"(anonymous_3)","decl":{"start":{"line":57,"column":14},"end":{"line":57,"column":15}},"loc":{"start":{"line":57,"column":22},"end":{"line":57,"column":35}},"line":57},"4":{"name":"(anonymous_4)","decl":{"start":{"line":59,"column":78},"end":{"line":59,"column":79}},"loc":{"start":{"line":59,"column":83},"end":{"line":59,"column":92}},"line":59},"5":{"name":"(anonymous_5)","decl":{"start":{"line":68,"column":24},"end":{"line":68,"column":25}},"loc":{"start":{"line":68,"column":44},"end":{"line":82,"column":1}},"line":68}},"branchMap":{"0":{"loc":{"start":{"line":13,"column":4},"end":{"line":20,"column":5}},"type":"if","locations":[{"start":{"line":13,"column":4},"end":{"line":20,"column":5}},{"start":{},"end":{}}],"line":13},"1":{"loc":{"start":{"line":13,"column":8},"end":{"line":13,"column":28}},"type":"binary-expr","locations":[{"start":{"line":13,"column":8},"end":{"line":13,"column":9}},{"start":{"line":13,"column":13},"end":{"line":13,"column":28}}],"line":13},"2":{"loc":{"start":{"line":23,"column":4},"end":{"line":25,"column":5}},"type":"if","locations":[{"start":{"line":23,"column":4},"end":{"line":25,"column":5}},{"start":{},"end":{}}],"line":23},"3":{"loc":{"start":{"line":23,"column":8},"end":{"line":23,"column":42}},"type":"binary-expr","locations":[{"start":{"line":23,"column":8},"end":{"line":23,"column":16}},{"start":{"line":23,"column":20},"end":{"line":23,"column":42}}],"line":23},"4":{"loc":{"start":{"line":35,"column":6},"end":{"line":43,"column":7}},"type":"if","locations":[{"start":{"line":35,"column":6},"end":{"line":43,"column":7}},{"start":{},"end":{}}],"line":35},"5":{"loc":{"start":{"line":36,"column":8},"end":{"line":39,"column":37}},"type":"binary-expr","locations":[{"start":{"line":36,"column":8},"end":{"line":36,"column":16}},{"start":{"line":37,"column":8},"end":{"line":37,"column":35}},{"start":{"line":38,"column":8},"end":{"line":38,"column":32}},{"start":{"line":39,"column":8},"end":{"line":39,"column":37}}],"line":36},"6":{"loc":{"start":{"line":50,"column":15},"end":{"line":50,"column":41}},"type":"binary-expr","locations":[{"start":{"line":50,"column":15},"end":{"line":50,"column":27}},{"start":{"line":50,"column":31},"end":{"line":50,"column":41}}],"line":50},"7":{"loc":{"start":{"line":51,"column":17},"end":{"line":51,"column":62}},"type":"binary-expr","locations":[{"start":{"line":51,"column":17},"end":{"line":51,"column":32}},{"start":{"line":51,"column":36},"end":{"line":51,"column":62}}],"line":51},"8":{"loc":{"start":{"line":52,"column":14},"end":{"line":52,"column":39}},"type":"binary-expr","locations":[{"start":{"line":52,"column":14},"end":{"line":52,"column":26}},{"start":{"line":52,"column":30},"end":{"line":52,"column":39}}],"line":52},"9":{"loc":{"start":{"line":71,"column":4},"end":{"line":71,"column":65}},"type":"if","locations":[{"start":{"line":71,"column":4},"end":{"line":71,"column":65}},{"start":{},"end":{}}],"line":71}},"s":{"0":1,"1":1,"2":1,"3":1,"4":1,"5":1,"6":1,"7":1,"8":1,"9":1,"10":1,"11":1,"12":1,"13":0,"14":1,"15":1,"16":1,"17":1,"18":1,"19":0,"20":0,"21":1,"22":1,"23":1,"24":1,"25":1,"26":1,"27":1,"28":0,"29":0,"30":1,"31":0,"32":0,"33":0,"34":0,"35":0,"36":0,"37":0,"38":0,"39":0,"40":0,"41":1},"f":{"0":1,"1":1,"2":1,"3":1,"4":1,"5":0},"b":{"0":[1,0],"1":[1,1],"2":[0,1],"3":[1,0],"4":[0,1],"5":[1,1,1,1],"6":[1,0],"7":[1,0],"8":[1,0],"9":[0,0]},"_coverageSchema":"1a1c01bbd47fc00a2c39e90264f33305004495a9","hash":"3d030e00fac8f1cb33f7489edf6bd4729254872f"}
}
