TN:
SF:models\Metadata.js
FNF:0
FNH:0
DA:1,1
DA:3,1
DA:13,1
LF:3
LH:3
BRF:0
BRH:0
end_of_record
TN:
SF:routes\search.js
FN:8,(anonymous_0)
FN:11,(anonymous_1)
FN:25,(anonymous_2)
FN:45,(anonymous_3)
FN:60,(anonymous_4)
FN:70,(anonymous_5)
FNF:6
FNH:5
FNDA:1,(anonymous_0)
FNDA:0,(anonymous_1)
FNDA:1,(anonymous_2)
FNDA:1,(anonymous_3)
FNDA:1,(anonymous_4)
FNDA:2,(anonymous_5)
DA:2,1
DA:3,1
DA:4,1
DA:5,1
DA:8,1
DA:11,1
DA:12,0
DA:13,0
DA:15,0
DA:16,0
DA:17,0
DA:19,0
DA:20,0
DA:25,1
DA:26,1
DA:27,1
DA:28,1
DA:30,1
DA:31,1
DA:32,1
DA:39,1
DA:40,0
DA:43,1
DA:45,1
DA:46,1
DA:47,1
DA:49,1
DA:51,1
DA:60,1
DA:62,1
DA:64,0
DA:65,0
DA:70,1
DA:71,2
DA:72,2
DA:73,2
DA:75,1
DA:76,1
DA:78,1
DA:80,0
DA:81,0
DA:85,1
LF:42
LH:30
BRDA:13,0,0,0
BRDA:13,0,1,0
BRDA:30,1,0,1
BRDA:30,1,1,0
BRDA:30,2,0,1
BRDA:30,2,1,1
BRDA:39,3,0,0
BRDA:39,3,1,1
BRDA:39,4,0,1
BRDA:39,4,1,0
BRDA:47,5,0,0
BRDA:47,5,1,1
BRDA:47,6,0,1
BRDA:47,6,1,1
BRDA:47,6,2,1
BRDA:53,7,0,1
BRDA:53,7,1,0
BRDA:54,8,0,1
BRDA:54,8,1,0
BRDA:55,9,0,1
BRDA:55,9,1,0
BRDA:73,10,0,1
BRDA:73,10,1,1
BRF:23
BRH:14
end_of_record
