TN:
SF:models\Metadata.js
FNF:0
FNH:0
DA:1,1
DA:3,1
DA:13,1
LF:3
LH:3
BRF:0
BRH:0
end_of_record
TN:
SF:routes\search.js
FN:5,(anonymous_0)
FN:7,(anonymous_1)
FN:31,(anonymous_2)
FN:57,(anonymous_3)
FN:59,(anonymous_4)
FN:68,(anonymous_5)
FNF:6
FNH:5
FNDA:1,(anonymous_0)
FNDA:1,(anonymous_1)
FNDA:1,(anonymous_2)
FNDA:1,(anonymous_3)
FNDA:1,(anonymous_4)
FNDA:0,(anonymous_5)
DA:1,1
DA:2,1
DA:3,1
DA:5,1
DA:7,1
DA:8,1
DA:9,1
DA:10,1
DA:13,1
DA:14,1
DA:15,1
DA:23,1
DA:24,0
DA:27,1
DA:29,1
DA:31,1
DA:32,1
DA:35,1
DA:41,0
DA:42,0
DA:45,1
DA:46,1
DA:48,1
DA:57,1
DA:59,1
DA:60,1
DA:63,0
DA:64,0
DA:68,1
DA:69,0
DA:70,0
DA:71,0
DA:73,0
DA:74,0
DA:76,0
DA:77,0
DA:79,0
DA:80,0
DA:84,1
LF:39
LH:25
BRDA:13,0,0,1
BRDA:13,0,1,0
BRDA:13,1,0,1
BRDA:13,1,1,1
BRDA:23,2,0,0
BRDA:23,2,1,1
BRDA:23,3,0,1
BRDA:23,3,1,0
BRDA:35,4,0,0
BRDA:35,4,1,1
BRDA:36,5,0,1
BRDA:36,5,1,1
BRDA:36,5,2,1
BRDA:36,5,3,1
BRDA:50,6,0,1
BRDA:50,6,1,0
BRDA:51,7,0,1
BRDA:51,7,1,0
BRDA:52,8,0,1
BRDA:52,8,1,0
BRDA:71,9,0,0
BRDA:71,9,1,0
BRF:22
BRH:13
end_of_record
